Arguments: 
  /Users/liaohua/.nvm/versions/node/v20.7.0/bin/node /Users/liaohua/.nvm/versions/node/v20.7.0/bin/yarn

PATH: 
  /opt/homebrew/opt/postgresql@15/bin:/Users/liaohua/.asdf/installs/elixir/1.14/bin:/Users/liaohua/.asdf/installs/erlang/25.0.2/bin:/Users/liaohua/.nvm/versions/node/v20.7.0/bin:/Users/liaohua/.asdf/shims:/opt/homebrew/opt/asdf/libexec/bin:/opt/homebrew/bin/:/Users/liaohua/.deno/bin:/opt/homebrew/bin:/opt/homebrew/sbin:/usr/local/bin:/usr/bin:/bin:/usr/sbin:/sbin:/Users/liaohua/.cargo/bin

Yarn version: 
  1.22.19

Node version: 
  20.7.0

Platform: 
  darwin arm64

Trace: 
  Error: read ECONNRESET
      at TLSWrap.onStreamRead (node:internal/stream_base_commons:217:20)

npm manifest: 
  {
    "name": "create-apt-dapp",
    "description": "a starter kit for dapp developers to build rootmup application",
    "version": "0.0.1",
    "license": "Apache-2.0",
    "author": "rootMUD",
    "keywords": [
      "create aptos dapp",
      "rootMUD",
      "aptos"
    ],
    "bin": {
      "create-apt-dapp": "./dist/index.js"
    },
    "scripts": {
      "clean": "rm -rf dist",
      "build": "npm run clean && tsc && cp -r templates dist/templates",
      "dev": "npm run build && node dist/index.js",
      "prepublish": "npm run build && npm publish"
    },
    "files": [
      "dist"
    ],
    "type": "module",
    "dependencies": {
      "kolorist": "^1.8.0",
      "prompts": "^2.4.2",
      "typescript": "^4.7.4"
    },
    "devDependencies": {
      "@types/node": "^20.5.0"
    },
    "repository": {
      "type": "git",
      "url": "https://github.com/rootMUD/create-apt-dapp"
    },
    "homepage": "https://github.com/rootMUD/create-apt-dapp/blob/main/README.md",
    "bugs": {
      "url": "https://github.com/rootMUD/create-apt-dapp/issues"
    }
  }

yarn manifest: 
  No manifest

Lockfile: 
  # THIS IS AN AUTOGENERATED FILE. DO NOT EDIT THIS FILE DIRECTLY.
  # yarn lockfile v1
  
  
  "@types/node@^20.5.0":
    version "20.12.7"
    resolved "https://registry.npmjs.org/@types/node/-/node-20.12.7.tgz"
    integrity sha512-wq0cICSkRLVaf3UGLMGItu/PtdY7oaXaI/RVU+xliKVOtRna3PRY57ZDfztpDL0n11vfymMUnXv8QwYCO7L1wg==
    dependencies:
      undici-types "~5.26.4"
  
  kleur@^3.0.3:
    version "3.0.3"
    resolved "https://registry.npmjs.org/kleur/-/kleur-3.0.3.tgz"
    integrity sha512-eTIzlVOSUR+JxdDFepEYcBMtZ9Qqdef+rnzWdRZuMbOywu5tO2w2N7rqjoANZ5k9vywhL6Br1VRjUIgTQx4E8w==
  
  kolorist@^1.8.0:
    version "1.8.0"
    resolved "https://registry.npmjs.org/kolorist/-/kolorist-1.8.0.tgz"
    integrity sha512-Y+60/zizpJ3HRH8DCss+q95yr6145JXZo46OTpFvDZWLfRCE4qChOyk1b26nMaNpfHHgxagk9dXT5OP0Tfe+dQ==
  
  prompts@^2.4.2:
    version "2.4.2"
    resolved "https://registry.npmjs.org/prompts/-/prompts-2.4.2.tgz"
    integrity sha512-NxNv/kLguCA7p3jE8oL2aEBsrJWgAakBpgmgK6lpPWV+WuOmY6r2/zbAVnP+T8bQlA0nzHXSJSJW0Hq7ylaD2Q==
    dependencies:
      kleur "^3.0.3"
      sisteransi "^1.0.5"
  
  sisteransi@^1.0.5:
    version "1.0.5"
    resolved "https://registry.npmjs.org/sisteransi/-/sisteransi-1.0.5.tgz"
    integrity sha512-bLGGlR1QxBcynn2d5YmDX4MGjlZvy2MRBDRNHLJ8VI6l6+9FUiyTFNJ0IveOSP0bcXgVDPRcfGqA0pjaqUpfVg==
  
  typescript@^4.7.4:
    version "4.9.5"
    resolved "https://registry.npmjs.org/typescript/-/typescript-4.9.5.tgz"
    integrity sha512-1FXk9E2Hm+QzZQ7z+McJiHL4NW1F2EzMu9Nq9i3zAaGqibafqYwCVU6WyWAuyQRRzOlxou8xZSyXLEN8oKj24g==
  
  undici-types@~5.26.4:
    version "5.26.5"
    resolved "https://registry.npmjs.org/undici-types/-/undici-types-5.26.5.tgz"
    integrity sha512-JlCMO+ehdEIKqlFxk6IfVoAUVmgz7cU7zD/h9XZ0qzeosSHmUJVOzSQvvYSYWXkFXC+IfLKSIffhv0sVZup6pA==
